<?xml version="1.0" encoding="utf-8"?>
<!DOCTYPE coverage SYSTEM "http://cobertura.sourceforge.net/xml/coverage-04.dtd">
<coverage line-rate="0.6292134831460674" branch-rate="0.5343511450381679" lines-covered="224" lines-valid="356" branches-covered="140" branches-valid="262" complexity="NaN" version="0" timestamp="1628514372">
  <sources>
    <source></source>
  </sources>
  <packages>
    <package name="OoBDev.Oobtainium" line-rate="0.6115702479338843" branch-rate="0.5041322314049587" complexity="NaN">
      <classes>
        <class name="OoBDev.Oobtainium.BindingBuilder`1" filename="/home/runner/work/oobtainium/oobtainium/src/OoBDev.Oobtainium/OoBDev.Oobtainium/BindingBuilder.cs" line-rate="1" branch-rate="0.5" complexity="NaN">
          <methods>
            <method name="get_Store" signature="()" line-rate="1" branch-rate="1">
              <lines>
                <line number="73" hits="22" branch="false" />
              </lines>
            </method>
            <method name="Bind" signature="(...)" line-rate="1" branch-rate="1">
              <lines>
                <line number="77" hits="16" branch="false" />
                <line number="78" hits="16" branch="false" />
              </lines>
            </method>
            <method name="Build" signature="()" line-rate="1" branch-rate="1">
              <lines>
                <line number="81" hits="2" branch="false" />
              </lines>
            </method>
            <method name=".ctor" signature="(...)" line-rate="1" branch-rate="0.5">
              <lines>
                <line number="71" hits="16" branch="true" condition-coverage="50% (1/2)" />
              </lines>
            </method>
          </methods>
          <lines>
            <line number="71" hits="16" branch="true" condition-coverage="50% (1/2)" />
            <line number="73" hits="22" branch="false" />
            <line number="77" hits="16" branch="false" />
            <line number="78" hits="16" branch="false" />
            <line number="81" hits="2" branch="false" />
          </lines>
        </class>
        <class name="OoBDev.Oobtainium.BindingBuilderExtensions" filename="/home/runner/work/oobtainium/oobtainium/src/OoBDev.Oobtainium/OoBDev.Oobtainium/BindingBuilder.cs" line-rate="0.7" branch-rate="1" complexity="NaN">
          <methods>
            <method name="Bind" signature="(...)" line-rate="1" branch-rate="1">
              <lines>
                <line number="10" hits="2" branch="false" />
              </lines>
            </method>
            <method name="Bind" signature="(...)" line-rate="0" branch-rate="1">
              <lines>
                <line number="11" hits="0" branch="false" />
              </lines>
            </method>
            <method name="Bind" signature="(...)" line-rate="1" branch-rate="1">
              <lines>
                <line number="14" hits="2" branch="false" />
              </lines>
            </method>
            <method name="Bind" signature="(...)" line-rate="1" branch-rate="1">
              <lines>
                <line number="15" hits="2" branch="false" />
              </lines>
            </method>
            <method name="Bind" signature="(...)" line-rate="1" branch-rate="1">
              <lines>
                <line number="16" hits="6" branch="false" />
              </lines>
            </method>
            <method name="Bind" signature="(...)" line-rate="0" branch-rate="1">
              <lines>
                <line number="17" hits="0" branch="false" />
              </lines>
            </method>
            <method name="Bind" signature="(...)" line-rate="1" branch-rate="1">
              <lines>
                <line number="18" hits="4" branch="false" />
              </lines>
            </method>
            <method name="Bind" signature="(...)" line-rate="0" branch-rate="1">
              <lines>
                <line number="19" hits="0" branch="false" />
              </lines>
            </method>
            <method name="Remove" signature="(...)" line-rate="1" branch-rate="1">
              <lines>
                <line number="23" hits="2" branch="false" />
                <line number="24" hits="2" branch="false" />
              </lines>
            </method>
          </methods>
          <lines>
            <line number="10" hits="2" branch="false" />
            <line number="11" hits="0" branch="false" />
            <line number="14" hits="2" branch="false" />
            <line number="15" hits="2" branch="false" />
            <line number="16" hits="6" branch="false" />
            <line number="17" hits="0" branch="false" />
            <line number="18" hits="4" branch="false" />
            <line number="19" hits="0" branch="false" />
            <line number="23" hits="2" branch="false" />
            <line number="24" hits="2" branch="false" />
          </lines>
        </class>
        <class name="OoBDev.Oobtainium.CallBinder" filename="/home/runner/work/oobtainium/oobtainium/src/OoBDev.Oobtainium/OoBDev.Oobtainium/CallBinder.cs" line-rate="1" branch-rate="1" complexity="NaN">
          <methods>
            <method name="get_Store" signature="()" line-rate="1" branch-rate="1">
              <lines>
                <line number="5" hits="6" branch="false" />
              </lines>
            </method>
            <method name="Build" signature="()" line-rate="1" branch-rate="1">
              <lines>
                <line number="9" hits="6" branch="false" />
              </lines>
            </method>
            <method name=".ctor" signature="(...)" line-rate="1" branch-rate="1">
              <lines>
                <line number="7" hits="12" branch="true" condition-coverage="100% (2/2)" />
              </lines>
            </method>
          </methods>
          <lines>
            <line number="5" hits="6" branch="false" />
            <line number="7" hits="12" branch="true" condition-coverage="100% (2/2)" />
            <line number="9" hits="6" branch="false" />
          </lines>
        </class>
        <class name="OoBDev.Oobtainium.CallBindingStore" filename="/home/runner/work/oobtainium/oobtainium/src/OoBDev.Oobtainium/OoBDev.Oobtainium/CallBindingStore.cs" line-rate="0.34615384615384615" branch-rate="0.3125" complexity="NaN">
          <methods>
            <method name="Add" signature="(...)" line-rate="0.6666666666666666" branch-rate="0.5">
              <lines>
                <line number="35" hits="0" branch="true" condition-coverage="50% (2/4)" />
                <line number="36" hits="32" branch="true" condition-coverage="50% (1/2)" />
                <line number="37" hits="16" branch="false" />
              </lines>
            </method>
            <method name="Remove" signature="(...)" line-rate="0" branch-rate="0">
              <lines>
                <line number="41" hits="0" branch="true" condition-coverage="0% (0/2)" />
                <line number="42" hits="0" branch="false" />
                <line number="43" hits="0" branch="true" condition-coverage="0% (0/2)" />
                <line number="44" hits="0" branch="false" />
                <line number="45" hits="0" branch="false" />
              </lines>
            </method>
            <method name="Remove" signature="(...)" line-rate="0" branch-rate="0">
              <lines>
                <line number="48" hits="0" branch="true" condition-coverage="0% (0/2)" />
                <line number="49" hits="0" branch="false" />
                <line number="50" hits="0" branch="true" condition-coverage="0% (0/2)" />
                <line number="51" hits="0" branch="false" />
                <line number="52" hits="0" branch="false" />
              </lines>
            </method>
            <method name="Remove" signature="(...)" line-rate="0.6666666666666666" branch-rate="0.5">
              <lines>
                <line number="55" hits="0" branch="true" condition-coverage="50% (1/2)" />
                <line number="56" hits="2" branch="false" />
                <line number="57" hits="2" branch="false" />
              </lines>
            </method>
            <method name="Clear" signature="()" line-rate="0" branch-rate="1">
              <lines>
                <line number="59" hits="0" branch="false" />
              </lines>
            </method>
            <method name="GetAll" signature="()" line-rate="0" branch-rate="0">
              <lines>
                <line number="62" hits="0" branch="true" condition-coverage="0% (0/2)" />
              </lines>
            </method>
            <method name="GetByType" signature="(...)" line-rate="0" branch-rate="0">
              <lines>
                <line number="64" hits="0" branch="true" condition-coverage="0% (0/6)" />
                <line number="65" hits="0" branch="false" />
              </lines>
            </method>
            <method name="get_Item" signature="(...)" line-rate="0" branch-rate="1">
              <lines>
                <line number="67" hits="0" branch="false" />
              </lines>
            </method>
            <method name="get_Item" signature="(...)" line-rate="1" branch-rate="0.75">
              <lines>
                <line number="69" hits="44" branch="true" condition-coverage="75% (6/8)" />
                <line number="70" hits="44" branch="false" />
                <line number="71" hits="44" branch="false" />
                <line number="72" hits="44" branch="false" />
              </lines>
            </method>
            <method name=".ctor" signature="()" line-rate="1" branch-rate="1">
              <lines>
                <line number="31" hits="6" branch="false" />
              </lines>
            </method>
          </methods>
          <lines>
            <line number="31" hits="6" branch="false" />
            <line number="35" hits="0" branch="true" condition-coverage="50% (2/4)" />
            <line number="36" hits="32" branch="true" condition-coverage="50% (1/2)" />
            <line number="37" hits="16" branch="false" />
            <line number="41" hits="0" branch="true" condition-coverage="0% (0/2)" />
            <line number="42" hits="0" branch="false" />
            <line number="43" hits="0" branch="true" condition-coverage="0% (0/2)" />
            <line number="44" hits="0" branch="false" />
            <line number="45" hits="0" branch="false" />
            <line number="48" hits="0" branch="true" condition-coverage="0% (0/2)" />
            <line number="49" hits="0" branch="false" />
            <line number="50" hits="0" branch="true" condition-coverage="0% (0/2)" />
            <line number="51" hits="0" branch="false" />
            <line number="52" hits="0" branch="false" />
            <line number="55" hits="0" branch="true" condition-coverage="50% (1/2)" />
            <line number="56" hits="2" branch="false" />
            <line number="57" hits="2" branch="false" />
            <line number="59" hits="0" branch="false" />
            <line number="62" hits="0" branch="true" condition-coverage="0% (0/2)" />
            <line number="64" hits="0" branch="true" condition-coverage="0% (0/6)" />
            <line number="65" hits="0" branch="false" />
            <line number="67" hits="0" branch="false" />
            <line number="69" hits="44" branch="true" condition-coverage="75% (6/8)" />
            <line number="70" hits="44" branch="false" />
            <line number="71" hits="44" branch="false" />
            <line number="72" hits="44" branch="false" />
          </lines>
        </class>
        <class name="OoBDev.Oobtainium.CallBindingStoreExtensions" filename="/home/runner/work/oobtainium/oobtainium/src/OoBDev.Oobtainium/OoBDev.Oobtainium/CallBindingStore.cs" line-rate="0.6666666666666666" branch-rate="1" complexity="NaN">
          <methods>
            <method name="ToCallbinder" signature="(...)" line-rate="1" branch-rate="1">
              <lines>
                <line number="12" hits="2" branch="false" />
              </lines>
            </method>
            <method name="Build" signature="(...)" line-rate="1" branch-rate="1">
              <lines>
                <line number="13" hits="2" branch="false" />
              </lines>
            </method>
            <method name="Register" signature="(...)" line-rate="0" branch-rate="1">
              <lines>
                <line number="14" hits="0" branch="false" />
              </lines>
            </method>
          </methods>
          <lines>
            <line number="12" hits="2" branch="false" />
            <line number="13" hits="2" branch="false" />
            <line number="14" hits="0" branch="false" />
          </lines>
        </class>
        <class name="OoBDev.Oobtainium.CallHandler" filename="/home/runner/work/oobtainium/oobtainium/src/OoBDev.Oobtainium/OoBDev.Oobtainium/CallHandler.cs" line-rate="0.38235294117647056" branch-rate="0.3125" complexity="NaN">
          <methods>
            <method name="get_Store" signature="()" line-rate="1" branch-rate="1">
              <lines>
                <line number="9" hits="46" branch="false" />
              </lines>
            </method>
            <method name="Invocation" signature="(...)" line-rate="0.7692307692307693" branch-rate="0.5">
              <lines>
                <line number="15" hits="0" branch="true" condition-coverage="50% (1/2)" />
                <line number="16" hits="44" branch="false" />
                <line number="17" hits="70" branch="true" condition-coverage="100% (2/2)" />
                <line number="19" hits="18" branch="false" />
                <line number="21" hits="18" branch="true" condition-coverage="75% (3/4)" />
                <line number="22" hits="18" branch="false" />
                <line number="23" hits="30" branch="false" />
                <line number="24" hits="30" branch="true" condition-coverage="50% (2/4)" />
                <line number="25" hits="0" branch="true" condition-coverage="0% (0/4)" />
                <line number="26" hits="0" branch="false" />
                <line number="27" hits="18" branch="false" />
                <line number="29" hits="18" branch="false" />
                <line number="30" hits="18" branch="false" />
              </lines>
            </method>
            <method name="BuildDelegateArguments" signature="(...)" line-rate="0" branch-rate="0">
              <lines>
                <line number="35" hits="0" branch="false" />
                <line number="36" hits="0" branch="true" condition-coverage="0% (0/2)" />
                <line number="37" hits="0" branch="true" condition-coverage="0% (0/2)" />
                <line number="39" hits="0" branch="true" condition-coverage="0% (0/8)" />
                <line number="41" hits="0" branch="false" />
                <line number="45" hits="0" branch="true" condition-coverage="0% (0/2)" />
                <line number="48" hits="0" branch="false" />
              </lines>
            </method>
            <method name="Invoke" signature="(...)" line-rate="0" branch-rate="1">
              <lines>
                <line number="51" hits="0" branch="false" />
              </lines>
            </method>
            <method name="Invoke" signature="(...)" line-rate="0" branch-rate="1">
              <lines>
                <line number="52" hits="0" branch="false" />
              </lines>
            </method>
            <method name="Invoke" signature="(...)" line-rate="0" branch-rate="1">
              <lines>
                <line number="53" hits="0" branch="false" />
                <line number="55" hits="0" branch="false" />
              </lines>
            </method>
            <method name="Invoke" signature="(...)" line-rate="0.5" branch-rate="1">
              <lines>
                <line number="56" hits="44" branch="false" />
                <line number="57" hits="0" branch="false" />
              </lines>
            </method>
            <method name="Invoke" signature="(...)" line-rate="0" branch-rate="1">
              <lines>
                <line number="59" hits="0" branch="false" />
                <line number="60" hits="0" branch="false" />
                <line number="61" hits="0" branch="false" />
              </lines>
            </method>
            <method name="Invoke" signature="(...)" line-rate="0" branch-rate="1">
              <lines>
                <line number="60" hits="0" branch="false" />
              </lines>
            </method>
            <method name="Invoke" signature="(...)" line-rate="0" branch-rate="1">
              <lines>
                <line number="63" hits="0" branch="false" />
              </lines>
            </method>
            <method name="Invoke" signature="(...)" line-rate="0" branch-rate="1">
              <lines>
                <line number="64" hits="0" branch="false" />
                <line number="65" hits="0" branch="false" />
              </lines>
            </method>
            <method name=".ctor" signature="(...)" line-rate="1" branch-rate="1">
              <lines>
                <line number="11" hits="16" branch="true" condition-coverage="100% (2/2)" />
              </lines>
            </method>
          </methods>
          <lines>
            <line number="9" hits="46" branch="false" />
            <line number="11" hits="16" branch="true" condition-coverage="100% (2/2)" />
            <line number="15" hits="0" branch="true" condition-coverage="50% (1/2)" />
            <line number="16" hits="44" branch="false" />
            <line number="17" hits="70" branch="true" condition-coverage="100% (2/2)" />
            <line number="19" hits="18" branch="false" />
            <line number="21" hits="18" branch="true" condition-coverage="75% (3/4)" />
            <line number="22" hits="18" branch="false" />
            <line number="23" hits="30" branch="false" />
            <line number="24" hits="30" branch="true" condition-coverage="50% (2/4)" />
            <line number="25" hits="0" branch="true" condition-coverage="0% (0/4)" />
            <line number="26" hits="0" branch="false" />
            <line number="27" hits="18" branch="false" />
            <line number="29" hits="18" branch="false" />
            <line number="30" hits="18" branch="false" />
            <line number="35" hits="0" branch="false" />
            <line number="36" hits="0" branch="true" condition-coverage="0% (0/2)" />
            <line number="37" hits="0" branch="true" condition-coverage="0% (0/2)" />
            <line number="39" hits="0" branch="true" condition-coverage="0% (0/8)" />
            <line number="41" hits="0" branch="false" />
            <line number="45" hits="0" branch="true" condition-coverage="0% (0/2)" />
            <line number="48" hits="0" branch="false" />
            <line number="51" hits="0" branch="false" />
            <line number="52" hits="0" branch="false" />
            <line number="53" hits="0" branch="false" />
            <line number="55" hits="0" branch="false" />
            <line number="56" hits="44" branch="false" />
            <line number="57" hits="0" branch="false" />
            <line number="59" hits="0" branch="false" />
            <line number="60" hits="0" branch="false" />
            <line number="61" hits="0" branch="false" />
            <line number="63" hits="0" branch="false" />
            <line number="64" hits="0" branch="false" />
            <line number="65" hits="0" branch="false" />
          </lines>
        </class>
        <class name="OoBDev.Oobtainium.CallHandlerExtensions" filename="/home/runner/work/oobtainium/oobtainium/src/OoBDev.Oobtainium/OoBDev.Oobtainium/CallHandlerExtensions.cs" line-rate="0" branch-rate="1" complexity="NaN">
          <methods>
            <method name="Register" signature="(...)" line-rate="0" branch-rate="1">
              <lines>
                <line number="5" hits="0" branch="false" />
              </lines>
            </method>
            <method name="Register" signature="(...)" line-rate="0" branch-rate="1">
              <lines>
                <line number="6" hits="0" branch="false" />
              </lines>
            </method>
          </methods>
          <lines>
            <line number="5" hits="0" branch="false" />
            <line number="6" hits="0" branch="false" />
          </lines>
        </class>
        <class name="OoBDev.Oobtainium.CaptureProxy`1" filename="/home/runner/work/oobtainium/oobtainium/src/OoBDev.Oobtainium/OoBDev.Oobtainium/CaptureProxy.cs" line-rate="0.9333333333333333" branch-rate="0.6805555555555556" complexity="NaN">
          <methods>
            <method name="OoBDev.Oobtainium.IHaveCallHandler.get_Handler" signature="()" line-rate="0" branch-rate="1">
              <lines>
                <line number="17" hits="0" branch="false" />
              </lines>
            </method>
            <method name="OoBDev.Oobtainium.IHaveCallBindingStore.get_Store" signature="()" line-rate="1" branch-rate="1">
              <lines>
                <line number="18" hits="2" branch="false" />
              </lines>
            </method>
            <method name="Invoke" signature="(...)" line-rate="0.9411764705882353" branch-rate="0.6764705882352942">
              <lines>
                <line number="27" hits="44" branch="true" condition-coverage="100% (2/2)" />
                <line number="29" hits="44" branch="true" condition-coverage="50% (1/2)" />
                <line number="30" hits="44" branch="false" />
                <line number="32" hits="44" branch="true" condition-coverage="100% (2/2)" />
                <line number="34" hits="6" branch="true" condition-coverage="50% (1/2)" />
                <line number="35" hits="6" branch="false" />
                <line number="36" hits="6" branch="false" />
                <line number="38" hits="6" branch="false" />
                <line number="39" hits="6" branch="true" condition-coverage="100% (2/2)" />
                <line number="41" hits="2" branch="true" condition-coverage="50% (1/2)" />
                <line number="42" hits="2" branch="true" condition-coverage="50% (1/2)" />
                <line number="46" hits="4" branch="true" condition-coverage="50% (1/2)" />
                <line number="47" hits="4" branch="false" />
                <line number="52" hits="44" branch="true" condition-coverage="100% (2/2)" />
                <line number="54" hits="8" branch="true" condition-coverage="50% (1/2)" />
                <line number="55" hits="8" branch="true" condition-coverage="100% (2/2)" />
                <line number="57" hits="4" branch="true" condition-coverage="50% (1/2)" />
                <line number="58" hits="4" branch="true" condition-coverage="50% (1/2)" />
                <line number="61" hits="4" branch="true" condition-coverage="50% (1/2)" />
                <line number="62" hits="6" branch="false" />
                <line number="64" hits="4" branch="true" condition-coverage="50% (1/2)" />
                <line number="66" hits="4" branch="true" condition-coverage="50% (1/2)" />
                <line number="67" hits="4" branch="true" condition-coverage="50% (1/2)" />
                <line number="68" hits="4" branch="false" />
                <line number="72" hits="0" branch="true" condition-coverage="0% (0/2)" />
                <line number="78" hits="44" branch="true" condition-coverage="100% (4/4)" />
                <line number="80" hits="8" branch="false" />
                <line number="82" hits="36" branch="true" condition-coverage="100% (2/2)" />
                <line number="84" hits="12" branch="false" />
                <line number="86" hits="24" branch="true" condition-coverage="50% (1/2)" />
                <line number="88" hits="0" branch="false" />
                <line number="90" hits="24" branch="true" condition-coverage="100% (2/2)" />
                <line number="92" hits="18" branch="false" />
                <line number="93" hits="18" branch="true" condition-coverage="100% (2/2)" />
                <line number="95" hits="10" branch="true" condition-coverage="50% (1/2)" />
                <line number="98" hits="10" branch="false" />
                <line number="99" hits="10" branch="true" condition-coverage="100% (4/4)" />
                <line number="101" hits="2" branch="true" condition-coverage="50% (1/2)" />
                <line number="103" hits="0" branch="false" />
                <line number="107" hits="2" branch="true" condition-coverage="50% (1/2)" />
                <line number="110" hits="8" branch="true" condition-coverage="100% (2/2)" />
                <line number="112" hits="6" branch="true" condition-coverage="50% (1/2)" />
                <line number="113" hits="6" branch="false" />
                <line number="116" hits="10" branch="true" condition-coverage="50% (2/4)" />
                <line number="117" hits="10" branch="false" />
                <line number="118" hits="10" branch="false" />
                <line number="119" hits="10" branch="false" />
                <line number="123" hits="8" branch="true" condition-coverage="50% (1/2)" />
                <line number="124" hits="8" branch="false" />
                <line number="132" hits="6" branch="false" />
                <line number="133" hits="6" branch="false" />
              </lines>
            </method>
            <method name="Create" signature="(...)" line-rate="1" branch-rate="0.75">
              <lines>
                <line number="143" hits="8" branch="false" />
                <line number="144" hits="8" branch="true" condition-coverage="100% (2/2)" />
                <line number="146" hits="8" branch="false" />
                <line number="147" hits="8" branch="true" condition-coverage="50% (1/2)" />
                <line number="148" hits="8" branch="false" />
                <line number="151" hits="8" branch="false" />
              </lines>
            </method>
            <method name=".ctor" signature="()" line-rate="1" branch-rate="1">
              <lines>
                <line number="23" hits="8" branch="false" />
              </lines>
            </method>
          </methods>
          <lines>
            <line number="17" hits="0" branch="false" />
            <line number="18" hits="2" branch="false" />
            <line number="23" hits="8" branch="false" />
            <line number="27" hits="44" branch="true" condition-coverage="100% (2/2)" />
            <line number="29" hits="44" branch="true" condition-coverage="50% (1/2)" />
            <line number="30" hits="44" branch="false" />
            <line number="32" hits="44" branch="true" condition-coverage="100% (2/2)" />
            <line number="34" hits="6" branch="true" condition-coverage="50% (1/2)" />
            <line number="35" hits="6" branch="false" />
            <line number="36" hits="6" branch="false" />
            <line number="38" hits="6" branch="false" />
            <line number="39" hits="6" branch="true" condition-coverage="100% (2/2)" />
            <line number="41" hits="2" branch="true" condition-coverage="50% (1/2)" />
            <line number="42" hits="2" branch="true" condition-coverage="50% (1/2)" />
            <line number="46" hits="4" branch="true" condition-coverage="50% (1/2)" />
            <line number="47" hits="4" branch="false" />
            <line number="52" hits="44" branch="true" condition-coverage="100% (2/2)" />
            <line number="54" hits="8" branch="true" condition-coverage="50% (1/2)" />
            <line number="55" hits="8" branch="true" condition-coverage="100% (2/2)" />
            <line number="57" hits="4" branch="true" condition-coverage="50% (1/2)" />
            <line number="58" hits="4" branch="true" condition-coverage="50% (1/2)" />
            <line number="61" hits="4" branch="true" condition-coverage="50% (1/2)" />
            <line number="62" hits="6" branch="false" />
            <line number="64" hits="4" branch="true" condition-coverage="50% (1/2)" />
            <line number="66" hits="4" branch="true" condition-coverage="50% (1/2)" />
            <line number="67" hits="4" branch="true" condition-coverage="50% (1/2)" />
            <line number="68" hits="4" branch="false" />
            <line number="72" hits="0" branch="true" condition-coverage="0% (0/2)" />
            <line number="78" hits="44" branch="true" condition-coverage="100% (4/4)" />
            <line number="80" hits="8" branch="false" />
            <line number="82" hits="36" branch="true" condition-coverage="100% (2/2)" />
            <line number="84" hits="12" branch="false" />
            <line number="86" hits="24" branch="true" condition-coverage="50% (1/2)" />
            <line number="88" hits="0" branch="false" />
            <line number="90" hits="24" branch="true" condition-coverage="100% (2/2)" />
            <line number="92" hits="18" branch="false" />
            <line number="93" hits="18" branch="true" condition-coverage="100% (2/2)" />
            <line number="95" hits="10" branch="true" condition-coverage="50% (1/2)" />
            <line number="98" hits="10" branch="false" />
            <line number="99" hits="10" branch="true" condition-coverage="100% (4/4)" />
            <line number="101" hits="2" branch="true" condition-coverage="50% (1/2)" />
            <line number="103" hits="0" branch="false" />
            <line number="107" hits="2" branch="true" condition-coverage="50% (1/2)" />
            <line number="110" hits="8" branch="true" condition-coverage="100% (2/2)" />
            <line number="112" hits="6" branch="true" condition-coverage="50% (1/2)" />
            <line number="113" hits="6" branch="false" />
            <line number="116" hits="10" branch="true" condition-coverage="50% (2/4)" />
            <line number="117" hits="10" branch="false" />
            <line number="118" hits="10" branch="false" />
            <line number="119" hits="10" branch="false" />
            <line number="123" hits="8" branch="true" condition-coverage="50% (1/2)" />
            <line number="124" hits="8" branch="false" />
            <line number="132" hits="6" branch="false" />
            <line number="133" hits="6" branch="false" />
            <line number="143" hits="8" branch="false" />
            <line number="144" hits="8" branch="true" condition-coverage="100% (2/2)" />
            <line number="146" hits="8" branch="false" />
            <line number="147" hits="8" branch="true" condition-coverage="50% (1/2)" />
            <line number="148" hits="8" branch="false" />
            <line number="151" hits="8" branch="false" />
          </lines>
        </class>
        <class name="OoBDev.Oobtainium.CaptureProxyFactory" filename="/home/runner/work/oobtainium/oobtainium/src/OoBDev.Oobtainium/OoBDev.Oobtainium/CaptureProxyFactory.cs" line-rate="1" branch-rate="0.9" complexity="NaN">
          <methods>
            <method name="Create" signature="(...)" line-rate="1" branch-rate="0.9">
              <lines>
                <line number="18" hits="8" branch="true" condition-coverage="90% (18/20)" />
                <line number="19" hits="8" branch="false" />
                <line number="20" hits="8" branch="false" />
                <line number="21" hits="8" branch="false" />
                <line number="22" hits="8" branch="false" />
                <line number="23" hits="8" branch="false" />
                <line number="24" hits="8" branch="false" />
                <line number="25" hits="8" branch="false" />
                <line number="26" hits="8" branch="false" />
              </lines>
            </method>
            <method name=".ctor" signature="(...)" line-rate="1" branch-rate="1">
              <lines>
                <line number="11" hits="16" branch="false" />
              </lines>
            </method>
          </methods>
          <lines>
            <line number="11" hits="16" branch="false" />
            <line number="18" hits="8" branch="true" condition-coverage="90% (18/20)" />
            <line number="19" hits="8" branch="false" />
            <line number="20" hits="8" branch="false" />
            <line number="21" hits="8" branch="false" />
            <line number="22" hits="8" branch="false" />
            <line number="23" hits="8" branch="false" />
            <line number="24" hits="8" branch="false" />
            <line number="25" hits="8" branch="false" />
            <line number="26" hits="8" branch="false" />
          </lines>
        </class>
        <class name="OoBDev.Oobtainium.ExpressionExtensions" filename="/home/runner/work/oobtainium/oobtainium/src/OoBDev.Oobtainium/OoBDev.Oobtainium/ExpressionExtensions.cs" line-rate="1" branch-rate="0.5" complexity="NaN">
          <methods>
            <method name="AsMethodInfo" signature="(...)" line-rate="1" branch-rate="0.5">
              <lines>
                <line number="8" hits="18" branch="true" condition-coverage="50% (2/4)" />
              </lines>
            </method>
          </methods>
          <lines>
            <line number="8" hits="18" branch="true" condition-coverage="50% (2/4)" />
          </lines>
        </class>
        <class name="OoBDev.Oobtainium.RecordedCall" filename="/home/runner/work/oobtainium/oobtainium/src/OoBDev.Oobtainium/OoBDev.Oobtainium/RecordedCall.cs" line-rate="0" branch-rate="0" complexity="NaN">
          <methods>
            <method name="get_Type" signature="()" line-rate="0" branch-rate="1">
              <lines>
                <line number="17" hits="0" branch="false" />
              </lines>
            </method>
            <method name="get_Method" signature="()" line-rate="0" branch-rate="1">
              <lines>
                <line number="18" hits="0" branch="false" />
              </lines>
            </method>
            <method name="get_Arguments" signature="()" line-rate="0" branch-rate="1">
              <lines>
                <line number="19" hits="0" branch="false" />
              </lines>
            </method>
            <method name="get_Response" signature="()" line-rate="0" branch-rate="1">
              <lines>
                <line number="20" hits="0" branch="false" />
              </lines>
            </method>
            <method name="ToString" signature="()" line-rate="0" branch-rate="0">
              <lines>
                <line number="22" hits="0" branch="true" condition-coverage="0% (0/8)" />
                <line number="23" hits="0" branch="false" />
                <line number="24" hits="0" branch="false" />
                <line number="25" hits="0" branch="false" />
                <line number="26" hits="0" branch="false" />
              </lines>
            </method>
            <method name=".ctor" signature="(...)" line-rate="0" branch-rate="0">
              <lines>
                <line number="9" hits="0" branch="false" />
                <line number="11" hits="0" branch="false" />
                <line number="12" hits="0" branch="false" />
                <line number="13" hits="0" branch="true" condition-coverage="0% (0/2)" />
                <line number="14" hits="0" branch="false" />
                <line number="15" hits="0" branch="false" />
              </lines>
            </method>
          </methods>
          <lines>
            <line number="9" hits="0" branch="false" />
            <line number="11" hits="0" branch="false" />
            <line number="12" hits="0" branch="false" />
            <line number="13" hits="0" branch="true" condition-coverage="0% (0/2)" />
            <line number="14" hits="0" branch="false" />
            <line number="15" hits="0" branch="false" />
            <line number="17" hits="0" branch="false" />
            <line number="18" hits="0" branch="false" />
            <line number="19" hits="0" branch="false" />
            <line number="20" hits="0" branch="false" />
            <line number="22" hits="0" branch="true" condition-coverage="0% (0/8)" />
            <line number="23" hits="0" branch="false" />
            <line number="24" hits="0" branch="false" />
            <line number="25" hits="0" branch="false" />
            <line number="26" hits="0" branch="false" />
          </lines>
        </class>
        <class name="OoBDev.Oobtainium.Recording.CallRecorder" filename="/home/runner/work/oobtainium/oobtainium/src/OoBDev.Oobtainium/OoBDev.Oobtainium/Recording/CallRecorder.cs" line-rate="0.5" branch-rate="0" complexity="NaN">
          <methods>
            <method name="get_Capture" signature="()" line-rate="0" branch-rate="1">
              <lines>
                <line number="21" hits="0" branch="false" />
              </lines>
            </method>
            <method name="Clear" signature="()" line-rate="0" branch-rate="1">
              <lines>
                <line number="23" hits="0" branch="false" />
              </lines>
            </method>
            <method name="GetEnumerator" signature="()" line-rate="1" branch-rate="1">
              <lines>
                <line number="25" hits="2" branch="false" />
              </lines>
            </method>
            <method name="System.Collections.IEnumerable.GetEnumerator" signature="()" line-rate="0" branch-rate="1">
              <lines>
                <line number="26" hits="0" branch="false" />
              </lines>
            </method>
            <method name="RecordCall" signature="(...)" line-rate="0" branch-rate="0">
              <lines>
                <line number="30" hits="0" branch="true" condition-coverage="0% (0/4)" />
                <line number="31" hits="0" branch="false" />
                <line number="32" hits="0" branch="false" />
              </lines>
            </method>
            <method name=".ctor" signature="(...)" line-rate="1" branch-rate="1">
              <lines>
                <line number="13" hits="6" branch="false" />
                <line number="15" hits="6" branch="false" />
                <line number="17" hits="6" branch="false" />
                <line number="18" hits="6" branch="false" />
                <line number="19" hits="6" branch="false" />
              </lines>
            </method>
          </methods>
          <lines>
            <line number="13" hits="6" branch="false" />
            <line number="15" hits="6" branch="false" />
            <line number="17" hits="6" branch="false" />
            <line number="18" hits="6" branch="false" />
            <line number="19" hits="6" branch="false" />
            <line number="21" hits="0" branch="false" />
            <line number="23" hits="0" branch="false" />
            <line number="25" hits="2" branch="false" />
            <line number="26" hits="0" branch="false" />
            <line number="30" hits="0" branch="true" condition-coverage="0% (0/4)" />
            <line number="31" hits="0" branch="false" />
            <line number="32" hits="0" branch="false" />
          </lines>
        </class>
        <class name="OoBDev.Oobtainium.Recording.CallRecorderProxy`1" filename="/home/runner/work/oobtainium/oobtainium/src/OoBDev.Oobtainium/OoBDev.Oobtainium/Recording/CallRecorderProxy.cs" line-rate="0" branch-rate="0" complexity="NaN">
          <methods>
            <method name="get_Recorder" signature="()" line-rate="0" branch-rate="1">
              <lines>
                <line number="9" hits="0" branch="false" />
              </lines>
            </method>
            <method name="Capture" signature="(...)" line-rate="0" branch-rate="0">
              <lines>
                <line number="13" hits="0" branch="true" condition-coverage="0% (0/4)" />
                <line number="14" hits="0" branch="true" condition-coverage="0% (0/2)" />
                <line number="15" hits="0" branch="true" condition-coverage="0% (0/2)" />
                <line number="16" hits="0" branch="false" />
              </lines>
            </method>
            <method name="Invoke" signature="(...)" line-rate="0" branch-rate="0">
              <lines>
                <line number="20" hits="0" branch="false" />
                <line number="21" hits="0" branch="true" condition-coverage="0% (0/2)" />
                <line number="22" hits="0" branch="false" />
              </lines>
            </method>
            <method name="Create" signature="(...)" line-rate="0" branch-rate="0">
              <lines>
                <line number="30" hits="0" branch="false" />
                <line number="31" hits="0" branch="true" condition-coverage="0% (0/2)" />
                <line number="33" hits="0" branch="true" condition-coverage="0% (0/2)" />
                <line number="37" hits="0" branch="false" />
                <line number="38" hits="0" branch="false" />
                <line number="39" hits="0" branch="false" />
                <line number="41" hits="0" branch="false" />
              </lines>
            </method>
          </methods>
          <lines>
            <line number="9" hits="0" branch="false" />
            <line number="13" hits="0" branch="true" condition-coverage="0% (0/4)" />
            <line number="14" hits="0" branch="true" condition-coverage="0% (0/2)" />
            <line number="15" hits="0" branch="true" condition-coverage="0% (0/2)" />
            <line number="16" hits="0" branch="false" />
            <line number="20" hits="0" branch="false" />
            <line number="21" hits="0" branch="true" condition-coverage="0% (0/2)" />
            <line number="22" hits="0" branch="false" />
            <line number="30" hits="0" branch="false" />
            <line number="31" hits="0" branch="true" condition-coverage="0% (0/2)" />
            <line number="33" hits="0" branch="true" condition-coverage="0% (0/2)" />
            <line number="37" hits="0" branch="false" />
            <line number="38" hits="0" branch="false" />
            <line number="39" hits="0" branch="false" />
            <line number="41" hits="0" branch="false" />
          </lines>
        </class>
        <class name="OoBDev.Oobtainium.Recording.CallRecorderProxyFactory" filename="/home/runner/work/oobtainium/oobtainium/src/OoBDev.Oobtainium/OoBDev.Oobtainium/Recording/CallRecorderProxyFactory.cs" line-rate="0" branch-rate="0" complexity="NaN">
          <methods>
            <method name="WithRecorder" signature="(...)" line-rate="0" branch-rate="0">
              <lines>
                <line number="13" hits="0" branch="true" condition-coverage="0% (0/8)" />
                <line number="14" hits="0" branch="false" />
                <line number="15" hits="0" branch="false" />
                <line number="16" hits="0" branch="false" />
                <line number="17" hits="0" branch="false" />
              </lines>
            </method>
          </methods>
          <lines>
            <line number="13" hits="0" branch="true" condition-coverage="0% (0/8)" />
            <line number="14" hits="0" branch="false" />
            <line number="15" hits="0" branch="false" />
            <line number="16" hits="0" branch="false" />
            <line number="17" hits="0" branch="false" />
          </lines>
        </class>
        <class name="OoBDev.Oobtainium.ServiceCollectionExtensions" filename="/home/runner/work/oobtainium/oobtainium/src/OoBDev.Oobtainium/OoBDev.Oobtainium/ServiceCollectionExtensions.cs" line-rate="1" branch-rate="1" complexity="NaN">
          <methods>
            <method name="AddOobtainium" signature="(...)" line-rate="1" branch-rate="1">
              <lines>
                <line number="13" hits="2" branch="false" />
                <line number="14" hits="2" branch="false" />
                <line number="15" hits="2" branch="false" />
                <line number="16" hits="2" branch="false" />
                <line number="17" hits="2" branch="false" />
                <line number="18" hits="2" branch="false" />
                <line number="19" hits="2" branch="false" />
              </lines>
            </method>
          </methods>
          <lines>
            <line number="13" hits="2" branch="false" />
            <line number="14" hits="2" branch="false" />
            <line number="15" hits="2" branch="false" />
            <line number="16" hits="2" branch="false" />
            <line number="17" hits="2" branch="false" />
            <line number="18" hits="2" branch="false" />
            <line number="19" hits="2" branch="false" />
          </lines>
        </class>
        <class name="OoBDev.Oobtainium.TaskExtensions" filename="/home/runner/work/oobtainium/oobtainium/src/OoBDev.Oobtainium/OoBDev.Oobtainium/TaskExtensions.cs" line-rate="0.8125" branch-rate="0.5" complexity="NaN">
          <methods>
            <method name="AsTask" signature="(...)" line-rate="0.7777777777777778" branch-rate="0.5">
              <lines>
                <line number="11" hits="0" branch="true" condition-coverage="50% (1/2)" />
                <line number="12" hits="2" branch="true" condition-coverage="50% (2/4)" />
                <line number="13" hits="2" branch="false" />
                <line number="14" hits="2" branch="false" />
                <line number="15" hits="2" branch="false" />
                <line number="16" hits="2" branch="false" />
                <line number="17" hits="2" branch="false" />
                <line number="18" hits="0" branch="true" condition-coverage="50% (1/2)" />
                <line number="19" hits="2" branch="false" />
              </lines>
            </method>
            <method name="GetResultOrDefault" signature="(...)" line-rate="0.8571428571428571" branch-rate="0.5">
              <lines>
                <line number="24" hits="8" branch="true" condition-coverage="50% (1/2)" />
                <line number="26" hits="8" branch="false" />
                <line number="27" hits="8" branch="false" />
                <line number="28" hits="8" branch="true" condition-coverage="50% (1/2)" />
                <line number="30" hits="8" branch="true" condition-coverage="50% (1/2)" />
                <line number="31" hits="8" branch="false" />
                <line number="34" hits="0" branch="false" />
              </lines>
            </method>
          </methods>
          <lines>
            <line number="11" hits="0" branch="true" condition-coverage="50% (1/2)" />
            <line number="12" hits="2" branch="true" condition-coverage="50% (2/4)" />
            <line number="13" hits="2" branch="false" />
            <line number="14" hits="2" branch="false" />
            <line number="15" hits="2" branch="false" />
            <line number="16" hits="2" branch="false" />
            <line number="17" hits="2" branch="false" />
            <line number="18" hits="0" branch="true" condition-coverage="50% (1/2)" />
            <line number="19" hits="2" branch="false" />
            <line number="24" hits="8" branch="true" condition-coverage="50% (1/2)" />
            <line number="26" hits="8" branch="false" />
            <line number="27" hits="8" branch="false" />
            <line number="28" hits="8" branch="true" condition-coverage="50% (1/2)" />
            <line number="30" hits="8" branch="true" condition-coverage="50% (1/2)" />
            <line number="31" hits="8" branch="false" />
            <line number="34" hits="0" branch="false" />
          </lines>
        </class>
        <class name="OoBDev.Oobtainium.TypeExtensions" filename="/home/runner/work/oobtainium/oobtainium/src/OoBDev.Oobtainium/OoBDev.Oobtainium/TypeExtensions.cs" line-rate="0.8888888888888888" branch-rate="0.8214285714285714" complexity="NaN">
          <methods>
            <method name="GetDefaultValue" signature="(...)" line-rate="1" branch-rate="0.6666666666666666">
              <lines>
                <line number="10" hits="12" branch="true" condition-coverage="67% (4/6)" />
                <line number="11" hits="12" branch="false" />
                <line number="12" hits="12" branch="false" />
                <line number="13" hits="12" branch="false" />
              </lines>
            </method>
            <method name="ConvertOrDefault" signature="(...)" line-rate="0.8571428571428571" branch-rate="0.8636363636363636">
              <lines>
                <line number="18" hits="20" branch="false" />
                <line number="19" hits="20" branch="true" condition-coverage="100% (4/4)" />
                <line number="20" hits="28" branch="true" condition-coverage="100% (2/2)" />
                <line number="22" hits="24" branch="true" condition-coverage="100% (4/4)" />
                <line number="23" hits="20" branch="true" condition-coverage="100% (2/2)" />
                <line number="24" hits="0" branch="true" condition-coverage="50% (1/2)" />
                <line number="25" hits="20" branch="true" condition-coverage="100% (2/2)" />
                <line number="27" hits="4" branch="false" />
                <line number="28" hits="6" branch="true" condition-coverage="100% (2/2)" />
                <line number="30" hits="2" branch="true" condition-coverage="50% (2/4)" />
                <line number="32" hits="2" branch="false" />
                <line number="33" hits="2" branch="false" />
                <line number="34" hits="2" branch="false" />
                <line number="37" hits="0" branch="false" />
              </lines>
            </method>
          </methods>
          <lines>
            <line number="10" hits="12" branch="true" condition-coverage="67% (4/6)" />
            <line number="11" hits="12" branch="false" />
            <line number="12" hits="12" branch="false" />
            <line number="13" hits="12" branch="false" />
            <line number="18" hits="20" branch="false" />
            <line number="19" hits="20" branch="true" condition-coverage="100% (4/4)" />
            <line number="20" hits="28" branch="true" condition-coverage="100% (2/2)" />
            <line number="22" hits="24" branch="true" condition-coverage="100% (4/4)" />
            <line number="23" hits="20" branch="true" condition-coverage="100% (2/2)" />
            <line number="24" hits="0" branch="true" condition-coverage="50% (1/2)" />
            <line number="25" hits="20" branch="true" condition-coverage="100% (2/2)" />
            <line number="27" hits="4" branch="false" />
            <line number="28" hits="6" branch="true" condition-coverage="100% (2/2)" />
            <line number="30" hits="2" branch="true" condition-coverage="50% (2/4)" />
            <line number="32" hits="2" branch="false" />
            <line number="33" hits="2" branch="false" />
            <line number="34" hits="2" branch="false" />
            <line number="37" hits="0" branch="false" />
          </lines>
        </class>
      </classes>
    </package>
    <package name="OoBDev.Oobtainium.Tests" line-rate="0.6666666666666666" branch-rate="0.9" complexity="NaN">
      <classes>
        <class name="AutoGeneratedProgram" filename="/home/runner/.nuget/packages/microsoft.net.test.sdk/16.5.0/build/netcoreapp2.1/Microsoft.NET.Test.Sdk.Program.cs" line-rate="0" branch-rate="1" complexity="NaN">
          <methods>
            <method name="Main" signature="(...)" line-rate="0" branch-rate="1">
              <lines>
                <line number="4" hits="0" branch="false" />
              </lines>
            </method>
          </methods>
          <lines>
            <line number="4" hits="0" branch="false" />
          </lines>
        </class>
        <class name="OoBDev.Oobtainium.Tests.GeneralTests" filename="/home/runner/work/oobtainium/oobtainium/src/OoBDev.Oobtainium/OoBDev.Oobtainium.Tests/GeneralTests.cs" line-rate="0.9743589743589743" branch-rate="0.9" complexity="NaN">
          <methods>
            <method name="get_TestContext" signature="()" line-rate="1" branch-rate="1">
              <lines>
                <line number="13" hits="32" branch="false" />
              </lines>
            </method>
            <method name="SimpleTest" signature="()" line-rate="1" branch-rate="1">
              <lines>
                <line number="109" hits="2" branch="false" />
                <line number="112" hits="2" branch="true" condition-coverage="100% (2/2)" />
                <line number="113" hits="2" branch="false" />
                <line number="114" hits="4" branch="false" />
                <line number="115" hits="2" branch="false" />
                <line number="118" hits="2" branch="false" />
                <line number="121" hits="2" branch="false" />
                <line number="124" hits="2" branch="false" />
                <line number="131" hits="2" branch="false" />
              </lines>
            </method>
            <method name="OnAgainOffAgainTest" signature="()" line-rate="1" branch-rate="1">
              <lines>
                <line number="136" hits="2" branch="false" />
                <line number="139" hits="2" branch="false" />
                <line number="143" hits="2" branch="false" />
                <line number="146" hits="2" branch="false" />
                <line number="148" hits="4" branch="true" condition-coverage="100% (2/2)" />
                <line number="149" hits="2" branch="false" />
                <line number="151" hits="4" branch="true" condition-coverage="100% (2/2)" />
                <line number="152" hits="2" branch="false" />
                <line number="154" hits="2" branch="false" />
                <line number="155" hits="2" branch="false" />
                <line number="175" hits="2" branch="false" />
              </lines>
            </method>
            <method name="GeneralTest" signature="()" line-rate="0.9649122807017544" branch-rate="0.8571428571428571">
              <lines>
                <line number="18" hits="2" branch="true" condition-coverage="100% (4/4)" />
                <line number="19" hits="2" branch="false" />
                <line number="20" hits="4" branch="false" />
                <line number="21" hits="4" branch="false" />
                <line number="22" hits="2" branch="false" />
                <line number="23" hits="2" branch="false" />
                <line number="24" hits="2" branch="false" />
                <line number="25" hits="2" branch="false" />
                <line number="26" hits="2" branch="false" />
                <line number="27" hits="2" branch="false" />
                <line number="28" hits="2" branch="false" />
                <line number="29" hits="2" branch="false" />
                <line number="30" hits="2" branch="false" />
                <line number="31" hits="2" branch="false" />
                <line number="32" hits="2" branch="false" />
                <line number="33" hits="4" branch="false" />
                <line number="34" hits="2" branch="false" />
                <line number="35" hits="2" branch="false" />
                <line number="36" hits="2" branch="false" />
                <line number="38" hits="2" branch="false" />
                <line number="41" hits="2" branch="true" condition-coverage="100% (6/6)" />
                <line number="42" hits="2" branch="false" />
                <line number="43" hits="4" branch="false" />
                <line number="44" hits="2" branch="false" />
                <line number="45" hits="2" branch="false" />
                <line number="46" hits="6" branch="false" />
                <line number="47" hits="6" branch="false" />
                <line number="48" hits="6" branch="false" />
                <line number="49" hits="6" branch="false" />
                <line number="50" hits="4" branch="true" condition-coverage="50% (1/2)" />
                <line number="51" hits="4" branch="false" />
                <line number="52" hits="4" branch="false" />
                <line number="53" hits="2" branch="false" />
                <line number="54" hits="2" branch="false" />
                <line number="57" hits="2" branch="false" />
                <line number="59" hits="2" branch="false" />
                <line number="60" hits="2" branch="false" />
                <line number="61" hits="2" branch="false" />
                <line number="62" hits="2" branch="false" />
                <line number="63" hits="2" branch="false" />
                <line number="64" hits="2" branch="false" />
                <line number="65" hits="2" branch="false" />
                <line number="66" hits="2" branch="false" />
                <line number="67" hits="2" branch="false" />
                <line number="68" hits="2" branch="false" />
                <line number="69" hits="2" branch="false" />
                <line number="70" hits="2" branch="false" />
                <line number="71" hits="2" branch="false" />
                <line number="72" hits="2" branch="false" />
                <line number="73" hits="2" branch="false" />
                <line number="75" hits="2" branch="false" />
                <line number="76" hits="2" branch="false" />
                <line number="77" hits="2" branch="false" />
                <line number="80" hits="2" branch="false" />
                <line number="81" hits="0" branch="true" condition-coverage="50% (1/2)" />
                <line number="83" hits="0" branch="false" />
                <line number="104" hits="2" branch="false" />
              </lines>
            </method>
          </methods>
          <lines>
            <line number="13" hits="32" branch="false" />
            <line number="18" hits="2" branch="true" condition-coverage="100% (4/4)" />
            <line number="19" hits="2" branch="false" />
            <line number="20" hits="4" branch="false" />
            <line number="21" hits="4" branch="false" />
            <line number="22" hits="2" branch="false" />
            <line number="23" hits="2" branch="false" />
            <line number="24" hits="2" branch="false" />
            <line number="25" hits="2" branch="false" />
            <line number="26" hits="2" branch="false" />
            <line number="27" hits="2" branch="false" />
            <line number="28" hits="2" branch="false" />
            <line number="29" hits="2" branch="false" />
            <line number="30" hits="2" branch="false" />
            <line number="31" hits="2" branch="false" />
            <line number="32" hits="2" branch="false" />
            <line number="33" hits="4" branch="false" />
            <line number="34" hits="2" branch="false" />
            <line number="35" hits="2" branch="false" />
            <line number="36" hits="2" branch="false" />
            <line number="38" hits="2" branch="false" />
            <line number="41" hits="2" branch="true" condition-coverage="100% (6/6)" />
            <line number="42" hits="2" branch="false" />
            <line number="43" hits="4" branch="false" />
            <line number="44" hits="2" branch="false" />
            <line number="45" hits="2" branch="false" />
            <line number="46" hits="6" branch="false" />
            <line number="47" hits="6" branch="false" />
            <line number="48" hits="6" branch="false" />
            <line number="49" hits="6" branch="false" />
            <line number="50" hits="4" branch="true" condition-coverage="50% (1/2)" />
            <line number="51" hits="4" branch="false" />
            <line number="52" hits="4" branch="false" />
            <line number="53" hits="2" branch="false" />
            <line number="54" hits="2" branch="false" />
            <line number="57" hits="2" branch="false" />
            <line number="59" hits="2" branch="false" />
            <line number="60" hits="2" branch="false" />
            <line number="61" hits="2" branch="false" />
            <line number="62" hits="2" branch="false" />
            <line number="63" hits="2" branch="false" />
            <line number="64" hits="2" branch="false" />
            <line number="65" hits="2" branch="false" />
            <line number="66" hits="2" branch="false" />
            <line number="67" hits="2" branch="false" />
            <line number="68" hits="2" branch="false" />
            <line number="69" hits="2" branch="false" />
            <line number="70" hits="2" branch="false" />
            <line number="71" hits="2" branch="false" />
            <line number="72" hits="2" branch="false" />
            <line number="73" hits="2" branch="false" />
            <line number="75" hits="2" branch="false" />
            <line number="76" hits="2" branch="false" />
            <line number="77" hits="2" branch="false" />
            <line number="80" hits="2" branch="false" />
            <line number="81" hits="0" branch="true" condition-coverage="50% (1/2)" />
            <line number="83" hits="0" branch="false" />
            <line number="104" hits="2" branch="false" />
            <line number="109" hits="2" branch="false" />
            <line number="112" hits="2" branch="true" condition-coverage="100% (2/2)" />
            <line number="113" hits="2" branch="false" />
            <line number="114" hits="4" branch="false" />
            <line number="115" hits="2" branch="false" />
            <line number="118" hits="2" branch="false" />
            <line number="121" hits="2" branch="false" />
            <line number="124" hits="2" branch="false" />
            <line number="131" hits="2" branch="false" />
            <line number="136" hits="2" branch="false" />
            <line number="139" hits="2" branch="false" />
            <line number="143" hits="2" branch="false" />
            <line number="146" hits="2" branch="false" />
            <line number="148" hits="4" branch="true" condition-coverage="100% (2/2)" />
            <line number="149" hits="2" branch="false" />
            <line number="151" hits="4" branch="true" condition-coverage="100% (2/2)" />
            <line number="152" hits="2" branch="false" />
            <line number="154" hits="2" branch="false" />
            <line number="155" hits="2" branch="false" />
            <line number="175" hits="2" branch="false" />
          </lines>
        </class>
        <class name="OoBDev.Oobtainium.Tests.ProofOfConcepts.TypeBuilderManipulation" filename="/home/runner/work/oobtainium/oobtainium/src/OoBDev.Oobtainium/OoBDev.Oobtainium.Tests/ProofOfConcepts/TypeBuilderManipulation.cs" line-rate="0" branch-rate="1" complexity="NaN">
          <methods>
            <method name="get_TestContext" signature="()" line-rate="0" branch-rate="1">
              <lines>
                <line number="12" hits="0" branch="false" />
              </lines>
            </method>
            <method name="Add_Interface_To_Existing_Type" signature="()" line-rate="0" branch-rate="1">
              <lines>
                <line number="17" hits="0" branch="false" />
                <line number="18" hits="0" branch="false" />
                <line number="21" hits="0" branch="false" />
                <line number="23" hits="0" branch="false" />
                <line number="24" hits="0" branch="false" />
                <line number="25" hits="0" branch="false" />
                <line number="26" hits="0" branch="false" />
                <line number="27" hits="0" branch="false" />
                <line number="28" hits="0" branch="false" />
                <line number="29" hits="0" branch="false" />
                <line number="30" hits="0" branch="false" />
                <line number="31" hits="0" branch="false" />
                <line number="32" hits="0" branch="false" />
                <line number="33" hits="0" branch="false" />
                <line number="34" hits="0" branch="false" />
                <line number="38" hits="0" branch="false" />
                <line number="40" hits="0" branch="false" />
                <line number="41" hits="0" branch="false" />
                <line number="43" hits="0" branch="false" />
                <line number="44" hits="0" branch="false" />
                <line number="45" hits="0" branch="false" />
              </lines>
            </method>
          </methods>
          <lines>
            <line number="12" hits="0" branch="false" />
            <line number="17" hits="0" branch="false" />
            <line number="18" hits="0" branch="false" />
            <line number="21" hits="0" branch="false" />
            <line number="23" hits="0" branch="false" />
            <line number="24" hits="0" branch="false" />
            <line number="25" hits="0" branch="false" />
            <line number="26" hits="0" branch="false" />
            <line number="27" hits="0" branch="false" />
            <line number="28" hits="0" branch="false" />
            <line number="29" hits="0" branch="false" />
            <line number="30" hits="0" branch="false" />
            <line number="31" hits="0" branch="false" />
            <line number="32" hits="0" branch="false" />
            <line number="33" hits="0" branch="false" />
            <line number="34" hits="0" branch="false" />
            <line number="38" hits="0" branch="false" />
            <line number="40" hits="0" branch="false" />
            <line number="41" hits="0" branch="false" />
            <line number="43" hits="0" branch="false" />
            <line number="44" hits="0" branch="false" />
            <line number="45" hits="0" branch="false" />
          </lines>
        </class>
        <class name="OoBDev.Oobtainium.Tests.ProofOfConcepts.TypeDescriptorManipulation" filename="/home/runner/work/oobtainium/oobtainium/src/OoBDev.Oobtainium/OoBDev.Oobtainium.Tests/ProofOfConcepts/TypeDescriptorManipulation.cs" line-rate="0" branch-rate="1" complexity="NaN">
          <methods>
            <method name="get_TestContext" signature="()" line-rate="0" branch-rate="1">
              <lines>
                <line number="12" hits="0" branch="false" />
              </lines>
            </method>
            <method name="Get_Dynamically_Added_Attributes" signature="()" line-rate="0" branch-rate="1">
              <lines>
                <line number="18" hits="0" branch="false" />
                <line number="21" hits="0" branch="false" />
                <line number="22" hits="0" branch="false" />
                <line number="25" hits="0" branch="false" />
                <line number="26" hits="0" branch="false" />
                <line number="29" hits="0" branch="false" />
                <line number="30" hits="0" branch="false" />
                <line number="31" hits="0" branch="false" />
              </lines>
            </method>
            <method name="Get_Static_Attributes" signature="()" line-rate="0" branch-rate="1">
              <lines>
                <line number="37" hits="0" branch="false" />
                <line number="39" hits="0" branch="false" />
                <line number="41" hits="0" branch="false" />
                <line number="42" hits="0" branch="false" />
              </lines>
            </method>
          </methods>
          <lines>
            <line number="12" hits="0" branch="false" />
            <line number="18" hits="0" branch="false" />
            <line number="21" hits="0" branch="false" />
            <line number="22" hits="0" branch="false" />
            <line number="25" hits="0" branch="false" />
            <line number="26" hits="0" branch="false" />
            <line number="29" hits="0" branch="false" />
            <line number="30" hits="0" branch="false" />
            <line number="31" hits="0" branch="false" />
            <line number="37" hits="0" branch="false" />
            <line number="39" hits="0" branch="false" />
            <line number="41" hits="0" branch="false" />
            <line number="42" hits="0" branch="false" />
          </lines>
        </class>
      </classes>
    </package>
  </packages>
</coverage>